<?xml version="1.0" encoding="UTF-8" ?>
<testsuite errors="0" failures="0" hostname="DESKTOP-IEF7HJV" name="HitTest" skipped="0" tests="3" time="0.382" timestamp="2023-06-13T19:34:08">
  <properties>
[...]
</properties>
  <testcase classname="HitTest" name="testHitOnCorrectLimitData" time="0.268" />
  <testcase classname="HitTest" name="testHitOnIncorrectData" time="0.042" />
  <testcase classname="HitTest" name="testHitOnCorrectData" time="0.033" />
  <system-out><![CDATA[Input coords: 0.0, 2.999999999, 3.0
Input coords: 30.0, 1.0, 3.0
Input coords: 2.0, 1.0, 3.0
]]></system-out>
  <system-err><![CDATA[]]></system-err>
</testsuite>
